Using pre-set license

 COMMAND LINE ARGUMENTS:
/Volumes/Gamespace/Unity Develop Tools/2020.3.14f1c1/Unity.app/Contents/MacOS/Unity
-adb2
-batchMode
-noUpm
-name
AssetImportWorker0
-projectPath
/Volumes/Gamespace/Workspace/IFramework/IFramework.Unity
-logFile
Logs/AssetImportWorker0.log
-srvPort
57135
Successfully changed project path to: /Volumes/Gamespace/Workspace/IFramework/IFramework.Unity
/Volumes/Gamespace/Workspace/IFramework/IFramework.Unity
Using Asset Import Pipeline V2.
Refreshing native plugins compatible for Editor in 27.49 ms, found 2 plugins.
Preloading 0 native plugins for Editor in 0.00 ms.
Initialize engine version: 2020.3.14f1c1 (ed787cdc2846)
[Subsystems] Discovering subsystems at path /Volumes/Gamespace/Unity Develop Tools/2020.3.14f1c1/Unity.app/Contents/Resources/UnitySubsystems
[Subsystems] Discovering subsystems at path /Volumes/Gamespace/Workspace/IFramework/IFramework.Unity/Assets
GfxDevice: creating device client; threaded=0
2021-08-11 17:20:56.680 Unity[8822:279216] DELL U2414H preferred device: NVIDIA GeForce GTX 970 (high power)
2021-08-11 17:20:56.680 Unity[8822:279216] Metal devices available: 1
2021-08-11 17:20:56.680 Unity[8822:279216] 0: NVIDIA GeForce GTX 970 (high power)
2021-08-11 17:20:56.680 Unity[8822:279216] Using device NVIDIA GeForce GTX 970 (high power)
Initializing Metal device caps: NVIDIA GeForce GTX 970
Initialize mono
Mono path[0] = '/Volumes/Gamespace/Unity Develop Tools/2020.3.14f1c1/Unity.app/Contents/Managed'
Mono path[1] = '/Volumes/Gamespace/Unity Develop Tools/2020.3.14f1c1/Unity.app/Contents/MonoBleedingEdge/lib/mono/unityjit'
Mono config path = '/Volumes/Gamespace/Unity Develop Tools/2020.3.14f1c1/Unity.app/Contents/MonoBleedingEdge/etc'
Using monoOptions --debugger-agent=transport=dt_socket,embedding=1,server=y,suspend=n,address=127.0.0.1:56822
Begin MonoManager ReloadAssembly
Registering precompiled unity dll's ...
Register platform support module: /Volumes/Gamespace/Unity Develop Tools/2020.3.14f1c1/Unity.app/Contents/PlaybackEngines/MacStandaloneSupport/UnityEditor.OSXStandalone.Extensions.dll
Registered in 0.000375 seconds.
Native extension for OSXStandalone target not found
Refreshing native plugins compatible for Editor in 28.63 ms, found 2 plugins.
Preloading 0 native plugins for Editor in 0.00 ms.
Mono: successfully reloaded assembly
- Completed reload, in  1.085 seconds
Domain Reload Profiling:
	ReloadAssembly (1085ms)
		BeginReloadAssembly (36ms)
			ExecutionOrderSort (0ms)
			DisableScriptedObjects (0ms)
			BackupInstance (0ms)
			ReleaseScriptingObjects (0ms)
			CreateAndSetChildDomain (1ms)
		EndReloadAssembly (443ms)
			LoadAssemblies (35ms)
			RebuildTransferFunctionScriptingTraits (0ms)
			SetupTypeCache (172ms)
			ReleaseScriptCaches (0ms)
			RebuildScriptCaches (41ms)
			SetupLoadedEditorAssemblies (178ms)
				LogAssemblyErrors (0ms)
				InitializePlatformSupportModulesInManaged (4ms)
				SetLoadedEditorAssemblies (0ms)
				RefreshPlugins (29ms)
				BeforeProcessingInitializeOnLoad (8ms)
				ProcessInitializeOnLoadAttributes (105ms)
				ProcessInitializeOnLoadMethodAttributes (32ms)
				AfterProcessingInitializeOnLoad (0ms)
				EditorAssembliesLoaded (0ms)
			ExecutionOrderSort2 (0ms)
			AwakeInstancesAfterBackupRestoration (0ms)
Platform modules already initialized, skipping
Registering precompiled user dll's ...
Registered in 0.001696 seconds.
Begin MonoManager ReloadAssembly
Native extension for OSXStandalone target not found
Refreshing native plugins compatible for Editor in 0.27 ms, found 2 plugins.
Preloading 0 native plugins for Editor in 0.00 ms.
Mono: successfully reloaded assembly
- Completed reload, in  1.043 seconds
Domain Reload Profiling:
	ReloadAssembly (1052ms)
		BeginReloadAssembly (144ms)
			ExecutionOrderSort (0ms)
			DisableScriptedObjects (5ms)
			BackupInstance (0ms)
			ReleaseScriptingObjects (0ms)
			CreateAndSetChildDomain (31ms)
		EndReloadAssembly (846ms)
			LoadAssemblies (64ms)
			RebuildTransferFunctionScriptingTraits (0ms)
			SetupTypeCache (287ms)
			ReleaseScriptCaches (0ms)
			RebuildScriptCaches (54ms)
			SetupLoadedEditorAssemblies (306ms)
				LogAssemblyErrors (0ms)
				InitializePlatformSupportModulesInManaged (5ms)
				SetLoadedEditorAssemblies (1ms)
				RefreshPlugins (0ms)
				BeforeProcessingInitializeOnLoad (74ms)
				ProcessInitializeOnLoadAttributes (220ms)
				ProcessInitializeOnLoadMethodAttributes (5ms)
				AfterProcessingInitializeOnLoad (1ms)
				EditorAssembliesLoaded (0ms)
			ExecutionOrderSort2 (0ms)
			AwakeInstancesAfterBackupRestoration (7ms)
Platform modules already initialized, skipping
========================================================================
Worker process is ready to serve import requests
Launching external process: /Volumes/Gamespace/Unity Develop Tools/2020.3.14f1c1/Unity.app/Contents/Tools/UnityShaderCompiler
Launched and connected shader compiler UnityShaderCompiler after 0.04 seconds
Refreshing native plugins compatible for Editor in 0.29 ms, found 2 plugins.
Preloading 0 native plugins for Editor in 0.00 ms.
Unloading 1408 Unused Serialized files (Serialized files now loaded: 0)
System memory in use before: 133.9 MB.
System memory in use after: 134.0 MB.

Unloading 22 unused Assets to reduce memory usage. Loaded Objects now: 1843.
Total: 2.039216 ms (FindLiveObjects: 0.169645 ms CreateObjectMapping: 0.089876 ms MarkObjects: 1.705062 ms  DeleteObjects: 0.073923 ms)

AssetImportParameters requested are different than current active one (requested -> active):
  custom:video-decoder-ogg-theora: a1e56fd34408186e4bbccfd4996cb3dc -> 
  custom:container-muxer-webm: aa71ff27fc2769a1b78a27578f13a17b -> 
  custom:container-demuxer-webm: 4f35f7cbe854078d1ac9338744f61a02 -> 
  custom:container-demuxer-ogg: 62fdf1f143b41e24485cea50d1cbac27 -> 
  custom:video-encoder-webm-vp8: eb34c28f22e8b96e1ab97ce403110664 -> 
  custom:framework-osx-AVFoundation: b23960f63f64bdc6ff669e2cdcee2391 -> 
  custom:video-decoder-webm-vp8: 9c59270c3fd7afecdb556c50c9e8de78 -> 
  custom:audio-decoder-ogg-vorbis: bf7c407c2cedff20999df2af8eb42d56 -> 
  custom:audio-encoder-webm-vorbis: bf7c407c2cedff20999df2af8eb42d56 -> 
========================================================================
Received Import Request.
  path: Assets/IFramework/Test
  artifactKey: Guid(e118a9dfc1f89498db99c520cb87afd0) Importer(815301076,1909f56bfc062723c751e8b465ee728b)
Start importing Assets/IFramework/Test using Guid(e118a9dfc1f89498db99c520cb87afd0) Importer(815301076,1909f56bfc062723c751e8b465ee728b)  -> (artifact id: '33ec3888c9998c78c49d0ee6d5c463a0') in 0.002829 seconds 
  Import took 0.004490 seconds .

========================================================================
Received Import Request.
  Time since last request: 1.968934 seconds.
  path: Assets/IFramework/Test/Pool
  artifactKey: Guid(1f3c0a185b5464d18afba82529f43366) Importer(815301076,1909f56bfc062723c751e8b465ee728b)
Start importing Assets/IFramework/Test/Pool using Guid(1f3c0a185b5464d18afba82529f43366) Importer(815301076,1909f56bfc062723c751e8b465ee728b)  -> (artifact id: '47f58c8273ed70e399bc420049b95b66') in 0.000709 seconds 
  Import took 0.003272 seconds .

========================================================================
Received Import Request.
  Time since last request: 1.285419 seconds.
  path: Assets/IFramework/Test/Pool/PoolTest.cs
  artifactKey: Guid(282b06f63f0b448a93536552c21989e6) Importer(815301076,1909f56bfc062723c751e8b465ee728b)
Start importing Assets/IFramework/Test/Pool/PoolTest.cs using Guid(282b06f63f0b448a93536552c21989e6) Importer(815301076,1909f56bfc062723c751e8b465ee728b)  -> (artifact id: '467cdc306fc10ba5bf77f143f04f6f86') in 0.035239 seconds 
  Import took 0.037747 seconds .

========================================================================
Received Import Request.
  Time since last request: 1.051528 seconds.
  path: Assets/IFramework/Test/Pool/PoolTest.cs
  artifactKey: Guid(282b06f63f0b448a93536552c21989e6) Importer(815301076,1909f56bfc062723c751e8b465ee728b)
Start importing Assets/IFramework/Test/Pool/PoolTest.cs using Guid(282b06f63f0b448a93536552c21989e6) Importer(815301076,1909f56bfc062723c751e8b465ee728b)  -> (artifact id: '467cdc306fc10ba5bf77f143f04f6f86') in 0.000688 seconds 
  Import took 0.002915 seconds .

========================================================================
Received Import Request.
  Time since last request: 0.095046 seconds.
  path: Assets/IFramework/Test/Pool/Pool.unity
  artifactKey: Guid(0520a752740f8463facefba5a322ac9a) Importer(815301076,1909f56bfc062723c751e8b465ee728b)
Start importing Assets/IFramework/Test/Pool/Pool.unity using Guid(0520a752740f8463facefba5a322ac9a) Importer(815301076,1909f56bfc062723c751e8b465ee728b)  -> (artifact id: 'aaab96ba13307c495f3494069318501b') in 0.009418 seconds 
  Import took 0.011622 seconds .

========================================================================
Received Prepare
Registering precompiled user dll's ...
Registered in 0.001823 seconds.
Begin MonoManager ReloadAssembly
Native extension for OSXStandalone target not found
Refreshing native plugins compatible for Editor in 0.31 ms, found 2 plugins.
Preloading 0 native plugins for Editor in 0.00 ms.
Mono: successfully reloaded assembly
- Completed reload, in  1.123 seconds
Domain Reload Profiling:
	ReloadAssembly (1123ms)
		BeginReloadAssembly (123ms)
			ExecutionOrderSort (0ms)
			DisableScriptedObjects (5ms)
			BackupInstance (0ms)
			ReleaseScriptingObjects (0ms)
			CreateAndSetChildDomain (57ms)
		EndReloadAssembly (922ms)
			LoadAssemblies (68ms)
			RebuildTransferFunctionScriptingTraits (0ms)
			SetupTypeCache (355ms)
			ReleaseScriptCaches (1ms)
			RebuildScriptCaches (57ms)
			SetupLoadedEditorAssemblies (312ms)
				LogAssemblyErrors (0ms)
				InitializePlatformSupportModulesInManaged (6ms)
				SetLoadedEditorAssemblies (1ms)
				RefreshPlugins (0ms)
				BeforeProcessingInitializeOnLoad (76ms)
				ProcessInitializeOnLoadAttributes (224ms)
				ProcessInitializeOnLoadMethodAttributes (5ms)
				AfterProcessingInitializeOnLoad (1ms)
				EditorAssembliesLoaded (0ms)
			ExecutionOrderSort2 (0ms)
			AwakeInstancesAfterBackupRestoration (8ms)
Platform modules already initialized, skipping
Refreshing native plugins compatible for Editor in 0.29 ms, found 2 plugins.
Preloading 0 native plugins for Editor in 0.00 ms.
Unloading 1403 Unused Serialized files (Serialized files now loaded: 0)
System memory in use before: 135.2 MB.
System memory in use after: 135.3 MB.

Unloading 17 unused Assets to reduce memory usage. Loaded Objects now: 1846.
Total: 2.134133 ms (FindLiveObjects: 0.202701 ms CreateObjectMapping: 0.088756 ms MarkObjects: 1.798035 ms  DeleteObjects: 0.043665 ms)

AssetImportParameters requested are different than current active one (requested -> active):
  custom:video-decoder-ogg-theora: a1e56fd34408186e4bbccfd4996cb3dc -> 
  custom:container-muxer-webm: aa71ff27fc2769a1b78a27578f13a17b -> 
  custom:container-demuxer-webm: 4f35f7cbe854078d1ac9338744f61a02 -> 
  custom:container-demuxer-ogg: 62fdf1f143b41e24485cea50d1cbac27 -> 
  custom:video-encoder-webm-vp8: eb34c28f22e8b96e1ab97ce403110664 -> 
  custom:framework-osx-AVFoundation: b23960f63f64bdc6ff669e2cdcee2391 -> 
  custom:video-decoder-webm-vp8: 9c59270c3fd7afecdb556c50c9e8de78 -> 
  custom:audio-decoder-ogg-vorbis: bf7c407c2cedff20999df2af8eb42d56 -> 
  custom:audio-encoder-webm-vorbis: bf7c407c2cedff20999df2af8eb42d56 -> 
